\BOOKMARK [0][-]{chapter.1}{Introduction}{}% 1
\BOOKMARK [0][-]{chapter.2}{Popcorn Linux Background}{}% 2
\BOOKMARK [1][-]{section.2.1}{Multikernel Boot}{chapter.2}% 3
\BOOKMARK [1][-]{section.2.2}{Inter-Kernel Messaging Layer}{chapter.2}% 4
\BOOKMARK [1][-]{section.2.3}{Popcorn Namespace}{chapter.2}% 5
\BOOKMARK [2][-]{subsection.2.3.1}{Replicated Execution}{section.2.3}% 6
\BOOKMARK [2][-]{subsection.2.3.2}{FT PID}{section.2.3}% 7
\BOOKMARK [1][-]{section.2.4}{Network Stack Replication}{chapter.2}% 8
\BOOKMARK [0][-]{chapter.3}{Shogoki: Deterministic Execution System}{}% 9
\BOOKMARK [1][-]{section.3.1}{Logical Time Based Deterministic Scheduling}{chapter.3}% 10
\BOOKMARK [2][-]{subsection.3.1.1}{Eliminate Deadlocks}{section.3.1}% 11
\BOOKMARK [1][-]{section.3.2}{Balance the Logical Time}{chapter.3}% 12
\BOOKMARK [2][-]{subsection.3.2.1}{Execution Time Profiling}{section.3.2}% 13
\BOOKMARK [2][-]{subsection.3.2.2}{Tick Bumping for External Events}{section.3.2}% 14
\BOOKMARK [1][-]{section.3.3}{Related Work}{chapter.3}% 15
\BOOKMARK [2][-]{subsection.3.3.1}{Deterministic Language Extension}{section.3.3}% 16
\BOOKMARK [2][-]{subsection.3.3.2}{Deterministic Runtime}{section.3.3}% 17
\BOOKMARK [2][-]{subsection.3.3.3}{Architectural Determinism}{section.3.3}% 18
\BOOKMARK [2][-]{subsection.3.3.4}{Deterministic System For Replication}{section.3.3}% 19
\BOOKMARK [0][-]{chapter.4}{Nigoki: Schedule Replication System}{}% 20
\BOOKMARK [1][-]{section.4.1}{Execute-Log-Replay}{chapter.4}% 21
\BOOKMARK [1][-]{section.4.2}{Related Work}{chapter.4}% 22
\BOOKMARK [0][-]{chapter.5}{Additional Runtime Support}{}% 23
\BOOKMARK [1][-]{section.5.1}{System Call Synchronization}{chapter.5}% 24
\BOOKMARK [2][-]{subsection.5.1.1}{gettimeofday/time}{section.5.1}% 25
\BOOKMARK [2][-]{subsection.5.1.2}{poll}{section.5.1}% 26
\BOOKMARK [2][-]{subsection.5.1.3}{epoll\137wait}{section.5.1}% 27
\BOOKMARK [1][-]{section.5.2}{Override Pthread Library}{chapter.5}% 28
\BOOKMARK [2][-]{subsection.5.2.1}{Override Lock Functions}{section.5.2}% 29
\BOOKMARK [2][-]{subsection.5.2.2}{Override Condition Variable Functions}{section.5.2}% 30
\BOOKMARK [1][-]{section.5.3}{stdin, stdio and stderr}{chapter.5}% 31
\BOOKMARK [0][-]{chapter.6}{Evaluation}{}% 32
\BOOKMARK [1][-]{section.6.1}{Racey}{chapter.6}% 33
\BOOKMARK [1][-]{section.6.2}{PBZip2}{chapter.6}% 34
\BOOKMARK [1][-]{section.6.3}{Mongoose Webserver}{chapter.6}% 35
\BOOKMARK [1][-]{section.6.4}{Nginx Webserver}{chapter.6}% 36
\BOOKMARK [1][-]{section.6.5}{Redis Database Server}{chapter.6}% 37
\BOOKMARK [2][-]{subsection.6.5.1}{Overhead Profiling}{section.6.5}% 38
\BOOKMARK [2][-]{subsection.6.5.2}{Results}{section.6.5}% 39
\BOOKMARK [0][-]{chapter.7}{Conclusion}{}% 40
\BOOKMARK [1][-]{section.7.1}{Contributions}{chapter.7}% 41
\BOOKMARK [1][-]{section.7.2}{Future Work}{chapter.7}% 42
\BOOKMARK [2][-]{subsection.7.2.1}{Pre-Lock Synchronization}{section.7.2}% 43
\BOOKMARK [2][-]{subsection.7.2.2}{Arbitrary Number Replicas}{section.7.2}% 44
\BOOKMARK [1][-]{section.7.3}{Further Evaluation}{chapter.7}% 45
\BOOKMARK [0][-]{chapter.8}{Bibliography}{}% 46
